{"level":"info","message":"Opening pin 0 as out","timestamp":"2017-02-08T16:17:29.994Z"}
{"message":"Error opening pin 0: ","stack":"Error: ENOENT: no such file or directory, open '/sys/class/gpio//export'\n    at Error (native)","errno":-2,"code":"ENOENT","syscall":"open","path":"/sys/class/gpio//export","level":"error","timestamp":"2017-02-08T16:17:29.999Z"}
{"message":"Error closing pin 0: ","stack":"Error: ENOENT: no such file or directory, open '/sys/class/gpio/unexport'\n    at Error (native)","errno":-2,"code":"ENOENT","syscall":"open","path":"/sys/class/gpio/unexport","level":"error","timestamp":"2017-02-08T16:17:32.000Z"}
{"level":"info","message":"Opening pin 0 as out","timestamp":"2017-02-08T16:18:58.727Z"}
{"message":"Error opening pin 0: ","stack":"Error: ENOENT: no such file or directory, open '/sys/class/gpio/export'\n    at Error (native)","errno":-2,"code":"ENOENT","syscall":"open","path":"/sys/class/gpio/export","level":"error","timestamp":"2017-02-08T16:18:58.731Z"}
{"message":"Error closing pin 0: ","stack":"Error: ENOENT: no such file or directory, open '/sys/class/gpio/unexport'\n    at Error (native)","errno":-2,"code":"ENOENT","syscall":"open","path":"/sys/class/gpio/unexport","level":"error","timestamp":"2017-02-08T16:19:00.735Z"}
{"level":"info","message":"Opening pin 0 as out","timestamp":"2017-02-08T16:19:38.156Z"}
{"message":"Error opening pin 0: ","stack":"Error: ENOENT: no such file or directory, open '/sys/class/gpio/export'\n    at Error (native)","errno":-2,"code":"ENOENT","syscall":"open","path":"/sys/class/gpio/export","level":"error","timestamp":"2017-02-08T16:19:38.161Z"}
{"message":"Error closing pin 0: ","stack":"Error: ENOENT: no such file or directory, open '/sys/class/gpio/unexport'\n    at Error (native)","errno":-2,"code":"ENOENT","syscall":"open","path":"/sys/class/gpio/unexport","level":"error","timestamp":"2017-02-08T16:19:40.162Z"}
{"level":"info","message":"Opening pin 0 as out","timestamp":"2017-02-08T16:20:02.266Z"}
{"message":"Error opening pin 0: ","stack":"Error: ENOENT: no such file or directory, open '/sys/class/gpio/export'\n    at Error (native)","errno":-2,"code":"ENOENT","syscall":"open","path":"/sys/class/gpio/export","level":"error","timestamp":"2017-02-08T16:20:02.277Z"}
{"message":"Error closing pin 0: ","stack":"Error: ENOENT: no such file or directory, open '/sys/class/gpio/unexport'\n    at Error (native)","errno":-2,"code":"ENOENT","syscall":"open","path":"/sys/class/gpio/unexport","level":"error","timestamp":"2017-02-08T16:20:04.264Z"}
{"level":"info","message":"Opening pin 0 as out","timestamp":"2017-02-08T16:21:54.085Z"}
{"message":"Error opening pin 0: ","stack":"Error: ENOENT: no such file or directory, open '/sys/class/gpio/export'\n    at Error (native)","errno":-2,"code":"ENOENT","syscall":"open","path":"/sys/class/gpio/export","level":"error","timestamp":"2017-02-08T16:21:54.094Z"}
{"message":"Error closing pin 0: ","stack":"Error: ENOENT: no such file or directory, open '/sys/class/gpio/unexport'\n    at Error (native)","errno":-2,"code":"ENOENT","syscall":"open","path":"/sys/class/gpio/unexport","level":"error","timestamp":"2017-02-08T16:21:54.123Z"}
{"level":"info","message":"Opening pin 0 as out","timestamp":"2017-02-08T16:23:15.125Z"}
{"message":"Error opening pin 0: ","stack":"Error: ENOENT: no such file or directory, open '/sys/class/gpio/export'\n    at Error (native)","errno":-2,"code":"ENOENT","syscall":"open","path":"/sys/class/gpio/export","level":"error","timestamp":"2017-02-08T16:23:15.129Z"}
{"message":"Error closing pin 0: ","stack":"Error: ENOENT: no such file or directory, open '/sys/class/gpio/unexport'\n    at Error (native)","errno":-2,"code":"ENOENT","syscall":"open","path":"/sys/class/gpio/unexport","level":"error","timestamp":"2017-02-08T16:23:15.134Z"}
{"level":"info","message":"Opening pin 0 as out","timestamp":"2017-02-08T16:23:24.940Z"}
{"message":"Error opening pin 0: ","stack":"Error: ENOENT: no such file or directory, open '/sys/class/gpio/export'\n    at Error (native)","errno":-2,"code":"ENOENT","syscall":"open","path":"/sys/class/gpio/export","level":"error","timestamp":"2017-02-08T16:23:24.944Z"}
{"message":"Error closing pin 0: ","stack":"Error: ENOENT: no such file or directory, open '/sys/class/gpio/unexport'\n    at Error (native)","errno":-2,"code":"ENOENT","syscall":"open","path":"/sys/class/gpio/unexport","level":"error","timestamp":"2017-02-08T16:23:24.949Z"}
{"level":"info","message":"Opening pin 0 as out","timestamp":"2017-02-08T16:25:39.695Z"}
{"message":"Error opening pin 0: ","stack":"Error: ENOENT: no such file or directory, open '/sys/class/gpio/export'\n    at Error (native)","errno":-2,"code":"ENOENT","syscall":"open","path":"/sys/class/gpio/export","level":"error","timestamp":"2017-02-08T16:25:39.699Z"}
{"message":"Error closing pin 0: ","stack":"Error: ENOENT: no such file or directory, open '/sys/class/gpio/unexport'\n    at Error (native)","errno":-2,"code":"ENOENT","syscall":"open","path":"/sys/class/gpio/unexport","level":"error","timestamp":"2017-02-08T16:25:39.703Z"}
{"level":"info","message":"Opening pin 0 as out","timestamp":"2017-02-08T16:26:16.902Z"}
{"message":"Error opening pin 0: ","stack":"Error: ENOENT: no such file or directory, open '/sys/class/gpio/export'\n    at Error (native)","errno":-2,"code":"ENOENT","syscall":"open","path":"/sys/class/gpio/export","level":"error","timestamp":"2017-02-08T16:26:16.906Z"}
{"message":"Error closing pin 0: ","stack":"Error: ENOENT: no such file or directory, open '/sys/class/gpio/unexport'\n    at Error (native)","errno":-2,"code":"ENOENT","syscall":"open","path":"/sys/class/gpio/unexport","level":"error","timestamp":"2017-02-08T16:26:16.912Z"}
{"level":"info","message":"Opening pin 0 as out","timestamp":"2017-02-08T16:27:14.560Z"}
{"message":"Error opening pin 0: ","stack":"Error: ENOENT: no such file or directory, open '/sys/class/gpio/export'\n    at Error (native)","errno":-2,"code":"ENOENT","syscall":"open","path":"/sys/class/gpio/export","level":"error","timestamp":"2017-02-08T16:27:14.564Z"}
{"message":"Error closing pin 0: ","stack":"Error: ENOENT: no such file or directory, open '/sys/class/gpio/unexport'\n    at Error (native)","errno":-2,"code":"ENOENT","syscall":"open","path":"/sys/class/gpio/unexport","level":"error","timestamp":"2017-02-08T16:27:14.570Z"}
{"level":"info","message":"Opening pin 0 as out","timestamp":"2017-02-08T16:28:46.805Z"}
{"message":"Error opening pin 0: ","stack":"Error: ENOENT: no such file or directory, open '/sys/class/gpio/export'\n    at Error (native)","errno":-2,"code":"ENOENT","syscall":"open","path":"/sys/class/gpio/export","level":"error","timestamp":"2017-02-08T16:28:46.809Z"}
{"message":"Error closing pin 0: ","stack":"Error: ENOENT: no such file or directory, open '/sys/class/gpio/unexport'\n    at Error (native)","errno":-2,"code":"ENOENT","syscall":"open","path":"/sys/class/gpio/unexport","level":"error","timestamp":"2017-02-08T16:28:46.816Z"}
{"level":"info","message":"Opening pin 0 as out","timestamp":"2017-02-08T16:30:12.501Z"}
{"message":"Error opening pin 0: ","stack":"Error: ENOENT: no such file or directory, open '/sys/class/gpio/export'\n    at Error (native)","errno":-2,"code":"ENOENT","syscall":"open","path":"/sys/class/gpio/export","level":"error","timestamp":"2017-02-08T16:30:12.505Z"}
{"message":"Error closing pin 0: ","stack":"Error: ENOENT: no such file or directory, open '/sys/class/gpio/unexport'\n    at Error (native)","errno":-2,"code":"ENOENT","syscall":"open","path":"/sys/class/gpio/unexport","level":"error","timestamp":"2017-02-08T16:30:12.514Z"}
{"level":"info","message":"Opening pin 0 as out","timestamp":"2017-02-08T16:30:42.123Z"}
{"message":"Error opening pin 0: ","stack":"Error: ENOENT: no such file or directory, open '/sys/class/gpio/export'\n    at Error (native)","errno":-2,"code":"ENOENT","syscall":"open","path":"/sys/class/gpio/export","level":"error","timestamp":"2017-02-08T16:30:42.127Z"}
{"message":"Error closing pin 0: ","stack":"Error: ENOENT: no such file or directory, open '/sys/class/gpio/unexport'\n    at Error (native)","errno":-2,"code":"ENOENT","syscall":"open","path":"/sys/class/gpio/unexport","level":"error","timestamp":"2017-02-08T16:30:44.135Z"}
{"level":"info","message":"Opening pin 0 as out","timestamp":"2017-02-08T16:31:12.771Z"}
{"message":"Error opening pin 0: ","stack":"Error: ENOENT: no such file or directory, open '/sys/class/gpio/export'\n    at Error (native)","errno":-2,"code":"ENOENT","syscall":"open","path":"/sys/class/gpio/export","level":"error","timestamp":"2017-02-08T16:31:12.776Z"}
{"message":"Error closing pin 0: ","stack":"Error: ENOENT: no such file or directory, open '/sys/class/gpio/unexport'\n    at Error (native)","errno":-2,"code":"ENOENT","syscall":"open","path":"/sys/class/gpio/unexport","level":"error","timestamp":"2017-02-08T16:31:12.782Z"}
{"level":"info","message":"Opening pin 0 as out","timestamp":"2017-02-08T16:35:03.936Z"}
{"message":"Error opening pin 0: ","stack":"Error: ENOENT: no such file or directory, open '/sys/class/gpio/export'\n    at Error (native)","errno":-2,"code":"ENOENT","syscall":"open","path":"/sys/class/gpio/export","level":"error","timestamp":"2017-02-08T16:35:03.940Z"}
{"message":"Error closing pin 0: ","stack":"Error: ENOENT: no such file or directory, open '/sys/class/gpio/unexport'\n    at Error (native)","errno":-2,"code":"ENOENT","syscall":"open","path":"/sys/class/gpio/unexport","level":"error","timestamp":"2017-02-08T16:35:03.945Z"}
{"level":"info","message":"Opening pin 0 as out","timestamp":"2017-02-08T16:38:12.240Z"}
{"message":"Error opening pin 0","stack":"Error: ENOENT: no such file or directory, open '/sys/class/gpio/export'\n    at Error (native)","errno":-2,"code":"ENOENT","syscall":"open","path":"/sys/class/gpio/export","gpioMessage":"Error opening pin 0","level":"error","timestamp":"2017-02-08T16:38:12.244Z"}
{"message":"Error closing pin 0: ","stack":"Error: ENOENT: no such file or directory, open '/sys/class/gpio/unexport'\n    at Error (native)","errno":-2,"code":"ENOENT","syscall":"open","path":"/sys/class/gpio/unexport","level":"error","timestamp":"2017-02-08T16:38:12.252Z"}
{"level":"info","message":"Opening pin 0 as out","timestamp":"2017-02-08T16:39:32.887Z"}
{"message":"Error opening pin 0","stack":"Error: ENOENT: no such file or directory, open '/sys/class/gpio/export'\n    at Error (native)","errno":-2,"code":"ENOENT","syscall":"open","path":"/sys/class/gpio/export","gpioMessage":"Error opening pin 0","level":"error","timestamp":"2017-02-08T16:39:32.891Z"}
{"message":"Error closing pin 0: ","stack":"Error: ENOENT: no such file or directory, open '/sys/class/gpio/unexport'\n    at Error (native)","errno":-2,"code":"ENOENT","syscall":"open","path":"/sys/class/gpio/unexport","level":"error","timestamp":"2017-02-08T16:39:32.899Z"}
{"level":"info","message":"Opening pin 0 as out","timestamp":"2017-02-08T16:39:51.026Z"}
{"message":"Error opening pin 0","stack":"Error: ENOENT: no such file or directory, open '/sys/class/gpio/export'\n    at Error (native)","errno":-2,"code":"ENOENT","syscall":"open","path":"/sys/class/gpio/export","gpioMessage":"Error opening pin 0","level":"error","timestamp":"2017-02-08T16:39:51.030Z"}
{"message":"Error closing pin 0: ","stack":"Error: ENOENT: no such file or directory, open '/sys/class/gpio/unexport'\n    at Error (native)","errno":-2,"code":"ENOENT","syscall":"open","path":"/sys/class/gpio/unexport","level":"error","timestamp":"2017-02-08T16:39:51.039Z"}
{"level":"info","message":"Opening pin 0 as out","timestamp":"2017-02-08T16:41:28.149Z"}
{"message":"Error opening pin 0","stack":"Error: ENOENT: no such file or directory, open '/sys/class/gpio/export'\n    at Error (native)","errno":-2,"code":"ENOENT","syscall":"open","path":"/sys/class/gpio/export","gpioMessage":"Error opening pin 0","level":"error","timestamp":"2017-02-08T16:41:28.153Z"}
{"message":"Error closing pin 0","stack":"Error: ENOENT: no such file or directory, open '/sys/class/gpio/unexport'\n    at Error (native)","errno":-2,"code":"ENOENT","syscall":"open","path":"/sys/class/gpio/unexport","gpioMessage":"Error closing pin 0","level":"error","timestamp":"2017-02-08T16:41:28.159Z"}
{"level":"info","message":"Opening pin 0 as out","timestamp":"2017-02-08T16:42:11.438Z"}
{"message":"Error opening pin 0","stack":"Error: ENOENT: no such file or directory, open '/sys/class/gpio/export'\n    at Error (native)","errno":-2,"code":"ENOENT","syscall":"open","path":"/sys/class/gpio/export","gpioMessage":"Error opening pin 0","level":"error","timestamp":"2017-02-08T16:42:11.443Z"}
{"message":"Error closing pin 0","stack":"Error: ENOENT: no such file or directory, open '/sys/class/gpio/unexport'\n    at Error (native)","errno":-2,"code":"ENOENT","syscall":"open","path":"/sys/class/gpio/unexport","gpioMessage":"Error closing pin 0","level":"error","timestamp":"2017-02-08T16:42:11.449Z"}
{"level":"info","message":"Opening pin 0 as out","timestamp":"2017-02-08T16:47:07.744Z"}
{"message":"Error opening pin 0","stack":"Error: ENOENT: no such file or directory, open '/sys/class/gpio/export'\n    at Error (native)","errno":-2,"code":"ENOENT","syscall":"open","path":"/sys/class/gpio/export","gpioMessage":"Error opening pin 0","level":"error","timestamp":"2017-02-08T16:47:07.748Z"}
{"message":"Error closing pin 0","stack":"Error: ENOENT: no such file or directory, open '/sys/class/gpio/unexport'\n    at Error (native)","errno":-2,"code":"ENOENT","syscall":"open","path":"/sys/class/gpio/unexport","gpioMessage":"Error closing pin 0","level":"error","timestamp":"2017-02-08T16:47:07.756Z"}
{"level":"info","message":"Opening pin 0 as out","timestamp":"2017-02-08T16:47:31.822Z"}
{"message":"Error opening pin 0","stack":"Error: ENOENT: no such file or directory, open '/sys/class/gpio/export'\n    at Error (native)","errno":-2,"code":"ENOENT","syscall":"open","path":"/sys/class/gpio/export","gpioMessage":"Error opening pin 0","level":"error","timestamp":"2017-02-08T16:47:31.826Z"}
{"message":"Error closing pin 0","stack":"Error: ENOENT: no such file or directory, open '/sys/class/gpio/unexport'\n    at Error (native)","errno":-2,"code":"ENOENT","syscall":"open","path":"/sys/class/gpio/unexport","gpioMessage":"Error closing pin 0","level":"error","timestamp":"2017-02-08T16:47:31.835Z"}
{"level":"info","message":"Opening pin 0 as out","timestamp":"2017-02-08T16:47:42.243Z"}
{"message":"Error opening pin 0","stack":"Error: ENOENT: no such file or directory, open '/sys/class/gpio/export'\n    at Error (native)","errno":-2,"code":"ENOENT","syscall":"open","path":"/sys/class/gpio/export","gpioMessage":"Error opening pin 0","level":"error","timestamp":"2017-02-08T16:47:42.247Z"}
{"level":"info","message":"Opening pin 0 as out","timestamp":"2017-02-08T16:47:42.251Z"}
{"message":"Error opening pin 0","stack":"Error: ENOENT: no such file or directory, open '/sys/class/gpio/export'\n    at Error (native)","errno":-2,"code":"ENOENT","syscall":"open","path":"/sys/class/gpio/export","gpioMessage":"Error opening pin 0","level":"error","timestamp":"2017-02-08T16:47:42.254Z"}
{"message":"Error closing pin 0","stack":"Error: ENOENT: no such file or directory, open '/sys/class/gpio/unexport'\n    at Error (native)","errno":-2,"code":"ENOENT","syscall":"open","path":"/sys/class/gpio/unexport","gpioMessage":"Error closing pin 0","level":"error","timestamp":"2017-02-08T16:47:42.255Z"}
{"message":"Error closing pin 0","stack":"Error: ENOENT: no such file or directory, open '/sys/class/gpio/unexport'\n    at Error (native)","errno":-2,"code":"ENOENT","syscall":"open","path":"/sys/class/gpio/unexport","gpioMessage":"Error closing pin 0","level":"error","timestamp":"2017-02-08T16:47:42.256Z"}
{"level":"info","message":"Opening pin 0 as out","timestamp":"2017-02-08T16:48:21.010Z"}
{"message":"Error opening pin 0","stack":"Error: ENOENT: no such file or directory, open '/sys/class/gpio/export'\n    at Error (native)","errno":-2,"code":"ENOENT","syscall":"open","path":"/sys/class/gpio/export","gpioMessage":"Error opening pin 0","level":"error","timestamp":"2017-02-08T16:48:21.015Z"}
{"level":"info","message":"Opening pin 0 as out","timestamp":"2017-02-08T16:48:21.019Z"}
{"message":"Error opening pin 0","stack":"Error: ENOENT: no such file or directory, open '/sys/class/gpio/export'\n    at Error (native)","errno":-2,"code":"ENOENT","syscall":"open","path":"/sys/class/gpio/export","gpioMessage":"Error opening pin 0","level":"error","timestamp":"2017-02-08T16:48:21.021Z"}
{"message":"Error closing pin 0","stack":"Error: ENOENT: no such file or directory, open '/sys/class/gpio/unexport'\n    at Error (native)","errno":-2,"code":"ENOENT","syscall":"open","path":"/sys/class/gpio/unexport","gpioMessage":"Error closing pin 0","level":"error","timestamp":"2017-02-08T16:48:21.023Z"}
{"message":"Error closing pin 0","stack":"Error: ENOENT: no such file or directory, open '/sys/class/gpio/unexport'\n    at Error (native)","errno":-2,"code":"ENOENT","syscall":"open","path":"/sys/class/gpio/unexport","gpioMessage":"Error closing pin 0","level":"error","timestamp":"2017-02-08T16:48:21.023Z"}
{"level":"info","message":"Opening pin 0 as out","timestamp":"2017-02-08T16:51:12.449Z"}
{"message":"Error opening pin 0","stack":"Error: ENOENT: no such file or directory, open '/sys/class/gpio/export'\n    at Error (native)","errno":-2,"code":"ENOENT","syscall":"open","path":"/sys/class/gpio/export","gpioMessage":"Error opening pin 0","level":"error","timestamp":"2017-02-08T16:51:12.453Z"}
{"message":"Error closing pin 0","stack":"Error: ENOENT: no such file or directory, open '/sys/class/gpio/unexport'\n    at Error (native)","errno":-2,"code":"ENOENT","syscall":"open","path":"/sys/class/gpio/unexport","gpioMessage":"Error closing pin 0","level":"error","timestamp":"2017-02-08T16:51:12.461Z"}
{"level":"info","message":"Opening pin 0 as out","timestamp":"2017-02-08T16:52:27.606Z"}
{"message":"Error opening pin 0","stack":"Error: ENOENT: no such file or directory, open '/sys/class/gpio/export'\n    at Error (native)","errno":-2,"code":"ENOENT","syscall":"open","path":"/sys/class/gpio/export","gpioMessage":"Error opening pin 0","level":"error","timestamp":"2017-02-08T16:52:27.610Z"}
{"level":"info","message":"Opening pin 0 as out","timestamp":"2017-02-08T16:52:27.614Z"}
{"message":"Error opening pin 0","stack":"Error: ENOENT: no such file or directory, open '/sys/class/gpio/export'\n    at Error (native)","errno":-2,"code":"ENOENT","syscall":"open","path":"/sys/class/gpio/export","gpioMessage":"Error opening pin 0","level":"error","timestamp":"2017-02-08T16:52:27.615Z"}
{"message":"Error closing pin 0","stack":"Error: ENOENT: no such file or directory, open '/sys/class/gpio/unexport'\n    at Error (native)","errno":-2,"code":"ENOENT","syscall":"open","path":"/sys/class/gpio/unexport","gpioMessage":"Error closing pin 0","level":"error","timestamp":"2017-02-08T16:52:27.618Z"}
{"level":"info","message":"Opening pin 0 as out","timestamp":"2017-02-08T16:54:15.703Z"}
{"message":"Error opening pin 0","stack":"Error: ENOENT: no such file or directory, open '/sys/class/gpio/export'\n    at Error (native)","errno":-2,"code":"ENOENT","syscall":"open","path":"/sys/class/gpio/export","gpioMessage":"Error opening pin 0","level":"error","timestamp":"2017-02-08T16:54:15.707Z"}
{"level":"info","message":"Opening pin 0 as out","timestamp":"2017-02-08T16:54:15.711Z"}
{"message":"Error opening pin 0","stack":"Error: ENOENT: no such file or directory, open '/sys/class/gpio/export'\n    at Error (native)","errno":-2,"code":"ENOENT","syscall":"open","path":"/sys/class/gpio/export","gpioMessage":"Error opening pin 0","level":"error","timestamp":"2017-02-08T16:54:15.712Z"}
{"message":"Error closing pin 0","stack":"Error: ENOENT: no such file or directory, open '/sys/class/gpio/unexport'\n    at Error (native)","errno":-2,"code":"ENOENT","syscall":"open","path":"/sys/class/gpio/unexport","gpioMessage":"Error closing pin 0","level":"error","timestamp":"2017-02-08T16:54:15.715Z"}
{"level":"info","message":"Opening pin 0 as out","timestamp":"2017-02-08T16:55:03.334Z"}
{"message":"Error opening pin 0","stack":"Error: ENOENT: no such file or directory, open '/sys/class/gpio/export'\n    at Error (native)","errno":-2,"code":"ENOENT","syscall":"open","path":"/sys/class/gpio/export","gpioMessage":"Error opening pin 0","level":"error","timestamp":"2017-02-08T16:55:03.338Z"}
{"level":"info","message":"Opening pin 0 as out","timestamp":"2017-02-08T16:55:03.342Z"}
{"message":"Could not set direction to out for pin 0","stack":"Error: ENOENT: no such file or directory, open './gpio/gpio0/direction'\n    at Error (native)","errno":-2,"code":"ENOENT","syscall":"open","path":"./gpio/gpio0/direction","gpioMessage":"Could not set direction to out for pin 0","level":"warn","timestamp":"2017-02-08T16:55:03.344Z"}
{"level":"info","message":"Pin 0 closed","timestamp":"2017-02-08T16:55:03.350Z"}
{"level":"info","message":"Opening pin 0 as out","timestamp":"2017-02-08T16:57:39.745Z"}
{"message":"Error opening pin 0","stack":"Error: ENOENT: no such file or directory, open '/sys/class/gpio/export'\n    at Error (native)","errno":-2,"code":"ENOENT","syscall":"open","path":"/sys/class/gpio/export","gpioMessage":"Error opening pin 0","level":"error","timestamp":"2017-02-08T16:57:39.750Z"}
{"level":"info","message":"Opening pin 0 as out","timestamp":"2017-02-08T16:57:39.754Z"}
{"message":"Could not set direction to out for pin 0","stack":"Error: ENOENT: no such file or directory, open './gpio/gpio0/direction'\n    at Error (native)","errno":-2,"code":"ENOENT","syscall":"open","path":"./gpio/gpio0/direction","gpioMessage":"Could not set direction to out for pin 0","level":"warn","timestamp":"2017-02-08T16:57:39.756Z"}
{"level":"info","message":"Pin 0 closed","timestamp":"2017-02-08T16:57:39.761Z"}
{"level":"info","message":"Opening pin 0 as out","timestamp":"2017-02-08T16:58:11.223Z"}
{"message":"Error opening pin 0","stack":"Error: ENOENT: no such file or directory, open '/sys/class/gpio/export'\n    at Error (native)","errno":-2,"code":"ENOENT","syscall":"open","path":"/sys/class/gpio/export","gpioMessage":"Error opening pin 0","level":"error","timestamp":"2017-02-08T16:58:11.227Z"}
{"level":"info","message":"Opening pin 0 as out","timestamp":"2017-02-08T16:58:11.231Z"}
{"message":"Could not set direction to out for pin 0","stack":"Error: ENOENT: no such file or directory, open './gpio/gpio0/direction'\n    at Error (native)","errno":-2,"code":"ENOENT","syscall":"open","path":"./gpio/gpio0/direction","gpioMessage":"Could not set direction to out for pin 0","level":"warn","timestamp":"2017-02-08T16:58:11.233Z"}
{"level":"info","message":"Pin 0 closed","timestamp":"2017-02-08T16:58:11.238Z"}
{"level":"info","message":"Opening pin 0 as out","timestamp":"2017-02-08T16:58:31.976Z"}
{"message":"Error opening pin 0","stack":"Error: ENOENT: no such file or directory, open '/sys/class/gpio/export'\n    at Error (native)","errno":-2,"code":"ENOENT","syscall":"open","path":"/sys/class/gpio/export","gpioMessage":"Error opening pin 0","level":"error","timestamp":"2017-02-08T16:58:31.980Z"}
{"level":"info","message":"Opening pin 0 as out","timestamp":"2017-02-08T16:58:31.985Z"}
{"message":"Could not set direction to out for pin 0","stack":"Error: ENOENT: no such file or directory, open './gpio/gpio0/direction'\n    at Error (native)","errno":-2,"code":"ENOENT","syscall":"open","path":"./gpio/gpio0/direction","gpioMessage":"Could not set direction to out for pin 0","level":"warn","timestamp":"2017-02-08T16:58:31.987Z"}
{"level":"info","message":"Pin 0 closed","timestamp":"2017-02-08T16:58:31.992Z"}
{"level":"info","message":"Opening pin 0 as out","timestamp":"2017-02-08T17:01:12.485Z"}
{"message":"Error opening pin 0","stack":"Error: ENOENT: no such file or directory, open '/sys/class/gpio/export'\n    at Error (native)","errno":-2,"code":"ENOENT","syscall":"open","path":"/sys/class/gpio/export","gpioMessage":"Error opening pin 0","level":"error","timestamp":"2017-02-08T17:01:12.489Z"}
{"level":"info","message":"Opening pin 0 as out","timestamp":"2017-02-08T17:01:12.494Z"}
{"message":"Error opening pin 0","stack":"Error: ENOENT: no such file or directory, open '/sys/class/gpio/export'\n    at Error (native)","errno":-2,"code":"ENOENT","syscall":"open","path":"/sys/class/gpio/export","gpioMessage":"Error opening pin 0","level":"error","timestamp":"2017-02-08T17:01:12.495Z"}
{"message":"Error closing pin 0","stack":"Error: ENOENT: no such file or directory, open '/sys/class/gpio/unexport'\n    at Error (native)","errno":-2,"code":"ENOENT","syscall":"open","path":"/sys/class/gpio/unexport","gpioMessage":"Error closing pin 0","level":"error","timestamp":"2017-02-08T17:01:12.498Z"}
{"level":"info","message":"Opening pin 0 as out","timestamp":"2017-02-08T17:03:24.102Z"}
{"message":"Error opening pin 0","stack":"Error: ENOENT: no such file or directory, open '/sys/class/gpio/export'\n    at Error (native)","errno":-2,"code":"ENOENT","syscall":"open","path":"/sys/class/gpio/export","gpioMessage":"Error opening pin 0","level":"error","timestamp":"2017-02-08T17:03:24.106Z"}
{"level":"info","message":"Opening pin 0 as out","timestamp":"2017-02-08T17:03:24.111Z"}
{"message":"Error opening pin 0","stack":"Error: ENOENT: no such file or directory, open '/sys/class/gpio/export'\n    at Error (native)","errno":-2,"code":"ENOENT","syscall":"open","path":"/sys/class/gpio/export","gpioMessage":"Error opening pin 0","level":"error","timestamp":"2017-02-08T17:03:24.112Z"}
{"message":"Error closing pin 0","stack":"Error: ENOENT: no such file or directory, open '/sys/class/gpio/unexport'\n    at Error (native)","errno":-2,"code":"ENOENT","syscall":"open","path":"/sys/class/gpio/unexport","gpioMessage":"Error closing pin 0","level":"error","timestamp":"2017-02-08T17:03:24.115Z"}
{"level":"info","message":"Opening pin 0 as out","timestamp":"2017-02-08T17:04:02.935Z"}
{"message":"Error opening pin 0","stack":"Error: ENOENT: no such file or directory, open '/sys/class/gpio/export'\n    at Error (native)","errno":-2,"code":"ENOENT","syscall":"open","path":"/sys/class/gpio/export","gpioMessage":"Error opening pin 0","level":"error","timestamp":"2017-02-08T17:04:02.939Z"}
{"level":"info","message":"Opening pin 0 as out","timestamp":"2017-02-08T17:04:02.944Z"}
{"message":"Error opening pin 0","stack":"Error: ENOENT: no such file or directory, open '/sys/class/gpio/export'\n    at Error (native)","errno":-2,"code":"ENOENT","syscall":"open","path":"/sys/class/gpio/export","gpioMessage":"Error opening pin 0","level":"error","timestamp":"2017-02-08T17:04:02.945Z"}
{"message":"Error closing pin 0","stack":"Error: ENOENT: no such file or directory, open '/sys/class/gpio/unexport'\n    at Error (native)","errno":-2,"code":"ENOENT","syscall":"open","path":"/sys/class/gpio/unexport","gpioMessage":"Error closing pin 0","level":"error","timestamp":"2017-02-08T17:04:02.948Z"}
{"level":"info","message":"Opening pin 0 as out","timestamp":"2017-02-08T17:04:15.991Z"}
{"message":"Error opening pin 0","stack":"Error: ENOENT: no such file or directory, open '/sys/class/gpio/export'\n    at Error (native)","errno":-2,"code":"ENOENT","syscall":"open","path":"/sys/class/gpio/export","gpioMessage":"Error opening pin 0","level":"error","timestamp":"2017-02-08T17:04:15.995Z"}
{"level":"info","message":"Opening pin 0 as out","timestamp":"2017-02-08T17:04:16.000Z"}
{"message":"Error opening pin 0","stack":"Error: ENOENT: no such file or directory, open '/sys/class/gpio/export'\n    at Error (native)","errno":-2,"code":"ENOENT","syscall":"open","path":"/sys/class/gpio/export","gpioMessage":"Error opening pin 0","level":"error","timestamp":"2017-02-08T17:04:16.001Z"}
{"message":"Error closing pin 0","stack":"Error: ENOENT: no such file or directory, open '/sys/class/gpio/unexport'\n    at Error (native)","errno":-2,"code":"ENOENT","syscall":"open","path":"/sys/class/gpio/unexport","gpioMessage":"Error closing pin 0","level":"error","timestamp":"2017-02-08T17:04:16.006Z"}
{"level":"info","message":"Opening pin 0 as out","timestamp":"2017-02-08T17:04:54.418Z"}
{"message":"Error opening pin 0","stack":"Error: ENOENT: no such file or directory, open '/sys/class/gpio/export'\n    at Error (native)","errno":-2,"code":"ENOENT","syscall":"open","path":"/sys/class/gpio/export","gpioMessage":"Error opening pin 0","level":"error","timestamp":"2017-02-08T17:04:54.423Z"}
{"level":"info","message":"Opening pin 0 as out","timestamp":"2017-02-08T17:04:54.427Z"}
{"message":"Error opening pin 0","stack":"Error: ENOENT: no such file or directory, open '/sys/class/gpio/export'\n    at Error (native)","errno":-2,"code":"ENOENT","syscall":"open","path":"/sys/class/gpio/export","gpioMessage":"Error opening pin 0","level":"error","timestamp":"2017-02-08T17:04:54.429Z"}
{"message":"Error closing pin 0","stack":"Error: ENOENT: no such file or directory, open '/sys/class/gpio/unexport'\n    at Error (native)","errno":-2,"code":"ENOENT","syscall":"open","path":"/sys/class/gpio/unexport","gpioMessage":"Error closing pin 0","level":"error","timestamp":"2017-02-08T17:04:54.432Z"}
{"message":"Error opening pin 0","stack":"Error: ENOENT: no such file or directory, open '/sys/class/gpio/export'\n    at Error (native)","errno":-2,"code":"ENOENT","syscall":"open","path":"/sys/class/gpio/export","gpioMessage":"Error opening pin 0","level":"error","timestamp":"2017-02-08T17:05:54.306Z"}
{"level":"info","message":"Opening pin 1 as out","timestamp":"2017-02-08T17:05:54.313Z"}
{"message":"Error opening pin 1","stack":"Error: ENOENT: no such file or directory, open '/sys/class/gpio/export'\n    at Error (native)","errno":-2,"code":"ENOENT","syscall":"open","path":"/sys/class/gpio/export","gpioMessage":"Error opening pin 1","level":"error","timestamp":"2017-02-08T17:05:54.314Z"}
{"message":"Error closing pin 0","stack":"Error: ENOENT: no such file or directory, open '/sys/class/gpio/unexport'\n    at Error (native)","errno":-2,"code":"ENOENT","syscall":"open","path":"/sys/class/gpio/unexport","gpioMessage":"Error closing pin 0","level":"error","timestamp":"2017-02-08T17:05:54.320Z"}
{"message":"Error opening pin 0","stack":"Error: ENOENT: no such file or directory, open '/sys/class/gpio/export'\n    at Error (native)","errno":-2,"code":"ENOENT","syscall":"open","path":"/sys/class/gpio/export","gpioMessage":"Error opening pin 0","level":"error","timestamp":"2017-02-08T17:06:26.251Z"}
{"level":"info","message":"Opening pin 1 as out","timestamp":"2017-02-08T17:06:26.258Z"}
{"message":"Error opening pin 1","stack":"Error: ENOENT: no such file or directory, open '/sys/class/gpio/export'\n    at Error (native)","errno":-2,"code":"ENOENT","syscall":"open","path":"/sys/class/gpio/export","gpioMessage":"Error opening pin 1","level":"error","timestamp":"2017-02-08T17:06:26.260Z"}
{"message":"Error closing pin 0","stack":"Error: ENOENT: no such file or directory, open '/sys/class/gpio/unexport'\n    at Error (native)","errno":-2,"code":"ENOENT","syscall":"open","path":"/sys/class/gpio/unexport","gpioMessage":"Error closing pin 0","level":"error","timestamp":"2017-02-08T17:06:26.266Z"}
{"message":"Error opening pin 0","stack":"Error: ENOENT: no such file or directory, open '/sys/class/gpio/export'\n    at Error (native)","errno":-2,"code":"ENOENT","syscall":"open","path":"/sys/class/gpio/export","gpioMessage":"Error opening pin 0","level":"error","timestamp":"2017-02-08T17:06:45.242Z"}
{"level":"info","message":"Opening pin 1 as out","timestamp":"2017-02-08T17:06:45.248Z"}
{"message":"Could not set direction to out for pin 1","stack":"Error: ENOENT: no such file or directory, open './gpio/gpio1/direction'\n    at Error (native)","errno":-2,"code":"ENOENT","syscall":"open","path":"./gpio/gpio1/direction","gpioMessage":"Could not set direction to out for pin 1","level":"warn","timestamp":"2017-02-08T17:06:45.250Z"}
{"level":"info","message":"Pin 0 closed","timestamp":"2017-02-08T17:06:45.255Z"}
{"message":"Error opening pin 0","stack":"Error: ENOENT: no such file or directory, open '/sys/class/gpio/export'\n    at Error (native)","errno":-2,"code":"ENOENT","syscall":"open","path":"/sys/class/gpio/export","gpioMessage":"Error opening pin 0","level":"error","timestamp":"2017-02-08T17:07:15.090Z"}
{"level":"info","message":"Opening pin 1 as out","timestamp":"2017-02-08T17:07:15.097Z"}
{"message":"Could not set direction to out for pin 1","stack":"Error: ENOENT: no such file or directory, open './gpio/gpio1/direction'\n    at Error (native)","errno":-2,"code":"ENOENT","syscall":"open","path":"./gpio/gpio1/direction","gpioMessage":"Could not set direction to out for pin 1","level":"warn","timestamp":"2017-02-08T17:07:15.099Z"}
{"level":"info","message":"Pin 0 closed","timestamp":"2017-02-08T17:07:15.104Z"}
{"message":"Error opening pin 0","stack":"Error: ENOENT: no such file or directory, open '/sys/class/gpio/export'\n    at Error (native)","errno":-2,"code":"ENOENT","syscall":"open","path":"/sys/class/gpio/export","gpioMessage":"Error opening pin 0","level":"error","timestamp":"2017-02-08T17:07:53.366Z"}
{"level":"info","message":"Opening pin 1 as out","timestamp":"2017-02-08T17:07:53.372Z"}
{"message":"Could not set direction to out for pin 1","stack":"Error: ENOENT: no such file or directory, open './gpio/gpio1/direction'\n    at Error (native)","errno":-2,"code":"ENOENT","syscall":"open","path":"./gpio/gpio1/direction","gpioMessage":"Could not set direction to out for pin 1","level":"warn","timestamp":"2017-02-08T17:07:53.375Z"}
{"level":"info","message":"Pin 0 closed","timestamp":"2017-02-08T17:07:53.380Z"}
{"level":"info","message":"Opening pin 0 as out","timestamp":"2017-02-08T17:08:04.721Z"}
{"message":"Error opening pin 0","stack":"Error: ENOENT: no such file or directory, open '/sys/class/gpio/export'\n    at Error (native)","errno":-2,"code":"ENOENT","syscall":"open","path":"/sys/class/gpio/export","gpioMessage":"Error opening pin 0","level":"error","timestamp":"2017-02-08T17:08:04.726Z"}
{"message":"Could not set direction to out for pin 1","stack":"Error: ENOENT: no such file or directory, open './gpio/gpio1/direction'\n    at Error (native)","errno":-2,"code":"ENOENT","syscall":"open","path":"./gpio/gpio1/direction","gpioMessage":"Could not set direction to out for pin 1","level":"warn","timestamp":"2017-02-08T17:08:04.731Z"}
{"level":"info","message":"Pin 0 closed","timestamp":"2017-02-08T17:08:04.736Z"}
{"level":"info","message":"Opening pin 0 as out","timestamp":"2017-02-08T17:08:44.957Z"}
{"message":"Error opening pin 0","stack":"Error: ENOENT: no such file or directory, open '/sys/class/gpio/export'\n    at Error (native)","errno":-2,"code":"ENOENT","syscall":"open","path":"/sys/class/gpio/export","gpioMessage":"Error opening pin 0","level":"error","timestamp":"2017-02-08T17:08:44.961Z"}
{"message":"Could not set direction to out for pin 1","stack":"Error: ENOENT: no such file or directory, open './gpio/gpio1/direction'\n    at Error (native)","errno":-2,"code":"ENOENT","syscall":"open","path":"./gpio/gpio1/direction","gpioMessage":"Could not set direction to out for pin 1","level":"warn","timestamp":"2017-02-08T17:08:44.968Z"}
{"message":"Error closing pin 0","stack":"Error: ENOENT: no such file or directory, open '/sys/class/gpio/unexport'\n    at Error (native)","errno":-2,"code":"ENOENT","syscall":"open","path":"/sys/class/gpio/unexport","gpioMessage":"Error closing pin 0","level":"error","timestamp":"2017-02-08T17:08:44.973Z"}
{"level":"info","message":"Opening pin 0 as out","timestamp":"2017-02-08T17:09:05.500Z"}
{"message":"Error opening pin 0","stack":"Error: ENOENT: no such file or directory, open '/sys/class/gpio/export'\n    at Error (native)","errno":-2,"code":"ENOENT","syscall":"open","path":"/sys/class/gpio/export","gpioMessage":"Error opening pin 0","level":"error","timestamp":"2017-02-08T17:09:05.504Z"}
{"message":"Could not set direction to out for pin 1","stack":"Error: ENOENT: no such file or directory, open './gpio/gpio1/direction'\n    at Error (native)","errno":-2,"code":"ENOENT","syscall":"open","path":"./gpio/gpio1/direction","gpioMessage":"Could not set direction to out for pin 1","level":"warn","timestamp":"2017-02-08T17:09:05.511Z"}
{"message":"Error closing pin 0","stack":"Error: ENOENT: no such file or directory, open '/sys/class/gpio/unexport'\n    at Error (native)","errno":-2,"code":"ENOENT","syscall":"open","path":"/sys/class/gpio/unexport","gpioMessage":"Error closing pin 0","level":"error","timestamp":"2017-02-08T17:09:05.516Z"}
{"level":"info","message":"Opening pin 0 as out","timestamp":"2017-02-08T17:09:24.347Z"}
{"message":"Error opening pin 0","stack":"Error: ENOENT: no such file or directory, open '/sys/class/gpio/export'\n    at Error (native)","errno":-2,"code":"ENOENT","syscall":"open","path":"/sys/class/gpio/export","gpioMessage":"Error opening pin 0","level":"error","timestamp":"2017-02-08T17:09:24.351Z"}
{"message":"Could not set direction to out for pin 1","stack":"Error: ENOENT: no such file or directory, open './gpio/gpio1/direction'\n    at Error (native)","errno":-2,"code":"ENOENT","syscall":"open","path":"./gpio/gpio1/direction","gpioMessage":"Could not set direction to out for pin 1","level":"warn","timestamp":"2017-02-08T17:09:24.357Z"}
{"message":"Error closing pin 0","stack":"Error: ENOENT: no such file or directory, open '/sys/class/gpio/unexport'\n    at Error (native)","errno":-2,"code":"ENOENT","syscall":"open","path":"/sys/class/gpio/unexport","gpioMessage":"Error closing pin 0","level":"error","timestamp":"2017-02-08T17:09:24.363Z"}
{"level":"info","message":"Opening pin 0 as out","timestamp":"2017-02-08T17:09:44.676Z"}
{"message":"Error opening pin 0","stack":"Error: ENOENT: no such file or directory, open '/sys/class/gpio/export'\n    at Error (native)","errno":-2,"code":"ENOENT","syscall":"open","path":"/sys/class/gpio/export","gpioMessage":"Error opening pin 0","level":"error","timestamp":"2017-02-08T17:09:44.680Z"}
{"message":"Could not set direction to out for pin 1","stack":"Error: ENOENT: no such file or directory, open './gpio/gpio1/direction'\n    at Error (native)","errno":-2,"code":"ENOENT","syscall":"open","path":"./gpio/gpio1/direction","gpioMessage":"Could not set direction to out for pin 1","level":"warn","timestamp":"2017-02-08T17:09:44.687Z"}
{"message":"Error closing pin 0","stack":"Error: ENOENT: no such file or directory, open '/sys/class/gpio/unexport'\n    at Error (native)","errno":-2,"code":"ENOENT","syscall":"open","path":"/sys/class/gpio/unexport","gpioMessage":"Error closing pin 0","level":"error","timestamp":"2017-02-08T17:09:44.692Z"}
{"level":"info","message":"Opening pin 0 as out","timestamp":"2017-02-08T17:10:16.879Z"}
{"message":"Error opening pin 0","stack":"Error: ENOENT: no such file or directory, open '/sys/class/gpio/export'\n    at Error (native)","errno":-2,"code":"ENOENT","syscall":"open","path":"/sys/class/gpio/export","gpioMessage":"Error opening pin 0","level":"error","timestamp":"2017-02-08T17:10:16.883Z"}
{"message":"Could not set direction to out for pin 1","stack":"Error: ENOENT: no such file or directory, open './gpio/gpio1/direction'\n    at Error (native)","errno":-2,"code":"ENOENT","syscall":"open","path":"./gpio/gpio1/direction","gpioMessage":"Could not set direction to out for pin 1","level":"warn","timestamp":"2017-02-08T17:10:16.889Z"}
{"message":"Error closing pin 0","stack":"Error: ENOENT: no such file or directory, open '/sys/class/gpio/unexport'\n    at Error (native)","errno":-2,"code":"ENOENT","syscall":"open","path":"/sys/class/gpio/unexport","gpioMessage":"Error closing pin 0","level":"error","timestamp":"2017-02-08T17:10:16.892Z"}
{"level":"info","message":"Opening pin 0 as out","timestamp":"2017-02-08T17:10:42.578Z"}
{"message":"Error opening pin 0","stack":"Error: ENOENT: no such file or directory, open '/sys/class/gpio/export'\n    at Error (native)","errno":-2,"code":"ENOENT","syscall":"open","path":"/sys/class/gpio/export","gpioMessage":"Error opening pin 0","level":"error","timestamp":"2017-02-08T17:10:42.583Z"}
{"message":"Could not set direction to out for pin 1","stack":"Error: ENOENT: no such file or directory, open './gpio/gpio1/direction'\n    at Error (native)","errno":-2,"code":"ENOENT","syscall":"open","path":"./gpio/gpio1/direction","gpioMessage":"Could not set direction to out for pin 1","level":"error","timestamp":"2017-02-08T17:10:42.589Z"}
{"message":"Error closing pin 0","stack":"Error: ENOENT: no such file or directory, open '/sys/class/gpio/unexport'\n    at Error (native)","errno":-2,"code":"ENOENT","syscall":"open","path":"/sys/class/gpio/unexport","gpioMessage":"Error closing pin 0","level":"error","timestamp":"2017-02-08T17:10:42.592Z"}
{"level":"info","message":"Opening pin 0 as out","timestamp":"2017-02-08T17:15:22.995Z"}
{"message":"Error opening pin 0","stack":"Error: ENOENT: no such file or directory, open '/sys/class/gpio/export'\n    at Error (native)","errno":-2,"code":"ENOENT","syscall":"open","path":"/sys/class/gpio/export","gpioMessage":"Error opening pin 0","level":"error","timestamp":"2017-02-08T17:15:23.000Z"}
{"message":"Could not set direction to out for pin 1","stack":"Error: ENOENT: no such file or directory, open './gpio/gpio1/direction'\n    at Error (native)","errno":-2,"code":"ENOENT","syscall":"open","path":"./gpio/gpio1/direction","gpioMessage":"Could not set direction to out for pin 1","level":"error","timestamp":"2017-02-08T17:15:23.005Z"}
{"level":"error","message":"GPIO pin 1 does not exist","timestamp":"2017-02-08T17:15:23.007Z"}
{"message":"Error closing pin 0","stack":"Error: ENOENT: no such file or directory, open '/sys/class/gpio/unexport'\n    at Error (native)","errno":-2,"code":"ENOENT","syscall":"open","path":"/sys/class/gpio/unexport","gpioMessage":"Error closing pin 0","level":"error","timestamp":"2017-02-08T17:15:23.012Z"}
{"level":"info","message":"Opening pin 0 as out","timestamp":"2017-02-08T17:16:32.810Z"}
{"message":"Error opening pin 0","stack":"Error: ENOENT: no such file or directory, open '/sys/class/gpio/export'\n    at Error (native)","errno":-2,"code":"ENOENT","syscall":"open","path":"/sys/class/gpio/export","gpioMessage":"Error opening pin 0","level":"error","timestamp":"2017-02-08T17:16:32.815Z"}
{"level":"error","message":"GPIO pin 1 does not exist","timestamp":"2017-02-08T17:16:32.819Z"}
{"level":"error","message":"GPIO pin 1 does not exist","timestamp":"2017-02-08T17:16:32.824Z"}
{"message":"Error closing pin 0","stack":"Error: ENOENT: no such file or directory, open '/sys/class/gpio/unexport'\n    at Error (native)","errno":-2,"code":"ENOENT","syscall":"open","path":"/sys/class/gpio/unexport","gpioMessage":"Error closing pin 0","level":"error","timestamp":"2017-02-08T17:16:32.827Z"}
{"level":"info","message":"Opening pin 0 as out","timestamp":"2017-02-08T17:17:51.596Z"}
{"message":"Error opening pin 0","stack":"Error: ENOENT: no such file or directory, open '/sys/class/gpio/export'\n    at Error (native)","errno":-2,"code":"ENOENT","syscall":"open","path":"/sys/class/gpio/export","gpioMessage":"Error opening pin 0","level":"error","timestamp":"2017-02-08T17:17:51.601Z"}
{"level":"info","message":"Opening pin 0 as out","timestamp":"2017-02-08T17:22:13.896Z"}
{"message":"Error opening pin 0","stack":"Error: ENOENT: no such file or directory, open '/sys/class/gpio/export'\n    at Error (native)","errno":-2,"code":"ENOENT","syscall":"open","path":"/sys/class/gpio/export","gpioMessage":"Error opening pin 0","level":"error","timestamp":"2017-02-08T17:22:13.900Z"}
{"level":"info","message":"Opening pin 0 as out","timestamp":"2017-02-08T17:22:51.442Z"}
{"message":"Error opening pin 0","stack":"Error: ENOENT: no such file or directory, open '/sys/class/gpio/export'\n    at Error (native)","errno":-2,"code":"ENOENT","syscall":"open","path":"/sys/class/gpio/export","gpioMessage":"Error opening pin 0","level":"error","timestamp":"2017-02-08T17:22:51.447Z"}
{"level":"info","message":"Opening pin 0 as out","timestamp":"2017-02-08T17:23:41.781Z"}
{"message":"Error opening pin 0","stack":"Error: ENOENT: no such file or directory, open '/sys/class/gpio/export'\n    at Error (native)","errno":-2,"code":"ENOENT","syscall":"open","path":"/sys/class/gpio/export","gpioMessage":"Error opening pin 0","level":"error","timestamp":"2017-02-08T17:23:41.786Z"}
{"level":"info","message":"Opening pin 0 as out","timestamp":"2017-02-08T17:23:53.246Z"}
{"message":"Error opening pin 0","stack":"Error: ENOENT: no such file or directory, open '/sys/class/gpio/export'\n    at Error (native)","errno":-2,"code":"ENOENT","syscall":"open","path":"/sys/class/gpio/export","gpioMessage":"Error opening pin 0","level":"error","timestamp":"2017-02-08T17:23:53.250Z"}
{"level":"info","message":"Opening pin 0 as out","timestamp":"2017-02-08T17:24:36.126Z"}
{"message":"Error opening pin 0","stack":"Error: ENOENT: no such file or directory, open '/sys/class/gpio/export'\n    at Error (native)","errno":-2,"code":"ENOENT","syscall":"open","path":"/sys/class/gpio/export","gpioMessage":"Error opening pin 0","level":"error","timestamp":"2017-02-08T17:24:36.131Z"}
{"message":"Could not set direction to out for pin 1","stack":"Error: ENOENT: no such file or directory, open './gpio/gpio1/direction'\n    at Error (native)","errno":-2,"code":"ENOENT","syscall":"open","path":"./gpio/gpio1/direction","gpioMessage":"Could not set direction to out for pin 1","level":"error","timestamp":"2017-02-08T17:24:36.138Z"}
{"level":"error","message":"GPIO pin 1 does not exist","timestamp":"2017-02-08T17:24:36.140Z"}
{"message":"Error closing pin 0","stack":"Error: ENOENT: no such file or directory, open '/sys/class/gpio/unexport'\n    at Error (native)","errno":-2,"code":"ENOENT","syscall":"open","path":"/sys/class/gpio/unexport","gpioMessage":"Error closing pin 0","level":"error","timestamp":"2017-02-08T17:24:36.146Z"}
{"level":"info","message":"Opening pin 0 as out","timestamp":"2017-02-08T17:25:41.888Z"}
{"message":"Error opening pin 0","stack":"Error: ENOENT: no such file or directory, open '/sys/class/gpio/export'\n    at Error (native)","errno":-2,"code":"ENOENT","syscall":"open","path":"/sys/class/gpio/export","gpioMessage":"Error opening pin 0","level":"error","timestamp":"2017-02-08T17:25:41.893Z"}
{"message":"Could not set direction to out for pin 1","stack":"Error: ENOENT: no such file or directory, open './gpio/gpio1/direction'\n    at Error (native)","errno":-2,"code":"ENOENT","syscall":"open","path":"./gpio/gpio1/direction","gpioMessage":"Could not set direction to out for pin 1","level":"error","timestamp":"2017-02-08T17:25:41.898Z"}
{"level":"error","message":"GPIO pin 1 does not exist","timestamp":"2017-02-08T17:25:41.901Z"}
{"message":"Error closing pin 0","stack":"Error: ENOENT: no such file or directory, open '/sys/class/gpio/unexport'\n    at Error (native)","errno":-2,"code":"ENOENT","syscall":"open","path":"/sys/class/gpio/unexport","gpioMessage":"Error closing pin 0","level":"error","timestamp":"2017-02-08T17:25:41.907Z"}
{"level":"info","message":"Opening pin 0 as out","timestamp":"2017-02-08T17:29:13.532Z"}
{"message":"Error opening pin 0","stack":"Error: ENOENT: no such file or directory, open '/sys/class/gpio/export'\n    at Error (native)","errno":-2,"code":"ENOENT","syscall":"open","path":"/sys/class/gpio/export","gpioMessage":"Error opening pin 0","level":"error","timestamp":"2017-02-08T17:29:13.536Z"}
{"level":"info","message":"Opening pin 1 as out","timestamp":"2017-02-08T17:29:13.541Z"}
{"message":"Could not set direction to out for pin 1","stack":"Error: ENOENT: no such file or directory, open './gpio/gpio1/direction'\n    at Error (native)","errno":-2,"code":"ENOENT","syscall":"open","path":"./gpio/gpio1/direction","gpioMessage":"Could not set direction to out for pin 1","level":"error","timestamp":"2017-02-08T17:29:13.543Z"}
{"level":"info","message":"Opening pin 1 as out","timestamp":"2017-02-08T17:29:13.545Z"}
{"message":"Could not set direction to out for pin 1","stack":"Error: ENOENT: no such file or directory, open '/sys/class/gpio/gpio1/direction'\n    at Error (native)","errno":-2,"code":"ENOENT","syscall":"open","path":"/sys/class/gpio/gpio1/direction","gpioMessage":"Could not set direction to out for pin 1","level":"error","timestamp":"2017-02-08T17:29:13.550Z"}
{"message":"Error closing pin 0","stack":"Error: ENOENT: no such file or directory, open '/sys/class/gpio/unexport'\n    at Error (native)","errno":-2,"code":"ENOENT","syscall":"open","path":"/sys/class/gpio/unexport","gpioMessage":"Error closing pin 0","level":"error","timestamp":"2017-02-08T17:29:13.553Z"}
{"level":"info","message":"Opening pin 0 as out","timestamp":"2017-02-08T17:30:17.909Z"}
{"message":"Error opening pin 0","stack":"Error: ENOENT: no such file or directory, open '/sys/class/gpio/export'\n    at Error (native)","errno":-2,"code":"ENOENT","syscall":"open","path":"/sys/class/gpio/export","gpioMessage":"Error opening pin 0","level":"error","timestamp":"2017-02-08T17:30:17.913Z"}
{"level":"info","message":"Opening pin 1 as out","timestamp":"2017-02-08T17:30:17.918Z"}
{"message":"Could not set direction to out for pin 1","stack":"Error: ENOENT: no such file or directory, open './gpio/gpio1/direction'\n    at Error (native)","errno":-2,"code":"ENOENT","syscall":"open","path":"./gpio/gpio1/direction","gpioMessage":"Could not set direction to out for pin 1","level":"error","timestamp":"2017-02-08T17:30:17.920Z"}
{"level":"info","message":"Opening pin 1 as out","timestamp":"2017-02-08T17:30:17.922Z"}
{"level":"error","message":"GPIO pin 1 does not exist","timestamp":"2017-02-08T17:30:17.922Z"}
{"level":"info","message":"Pin 1 open","timestamp":"2017-02-08T17:30:17.923Z"}
{"message":"Error closing pin 0","stack":"Error: ENOENT: no such file or directory, open '/sys/class/gpio/unexport'\n    at Error (native)","errno":-2,"code":"ENOENT","syscall":"open","path":"/sys/class/gpio/unexport","gpioMessage":"Error closing pin 0","level":"error","timestamp":"2017-02-08T17:30:17.927Z"}
{"level":"info","message":"Opening pin 0 as out","timestamp":"2017-02-08T17:31:23.539Z"}
{"message":"Error opening pin 0","stack":"Error: ENOENT: no such file or directory, open '/sys/class/gpio/export'\n    at Error (native)","errno":-2,"code":"ENOENT","syscall":"open","path":"/sys/class/gpio/export","gpioMessage":"Error opening pin 0","level":"error","timestamp":"2017-02-08T17:31:23.545Z"}
{"level":"info","message":"Opening pin 1 as out","timestamp":"2017-02-08T17:31:23.549Z"}
{"message":"Could not set direction to out for pin 1","stack":"Error: ENOENT: no such file or directory, open './gpio/gpio1/direction'\n    at Error (native)","errno":-2,"code":"ENOENT","syscall":"open","path":"./gpio/gpio1/direction","gpioMessage":"Could not set direction to out for pin 1","level":"error","timestamp":"2017-02-08T17:31:23.551Z"}
{"level":"info","message":"Opening pin 1 as out","timestamp":"2017-02-08T17:31:23.554Z"}
{"level":"error","message":"GPIO pin 1 does not exist","timestamp":"2017-02-08T17:31:23.554Z"}
{"level":"info","message":"Pin 1 open","timestamp":"2017-02-08T17:31:23.555Z"}
{"message":"Error closing pin 0","stack":"Error: ENOENT: no such file or directory, open '/sys/class/gpio/unexport'\n    at Error (native)","errno":-2,"code":"ENOENT","syscall":"open","path":"/sys/class/gpio/unexport","gpioMessage":"Error closing pin 0","level":"error","timestamp":"2017-02-08T17:31:23.559Z"}
{"level":"info","message":"Opening pin 0 as out","timestamp":"2017-02-08T17:31:38.808Z"}
{"message":"Error opening pin 0","stack":"Error: ENOENT: no such file or directory, open '/sys/class/gpio/export'\n    at Error (native)","errno":-2,"code":"ENOENT","syscall":"open","path":"/sys/class/gpio/export","gpioMessage":"Error opening pin 0","level":"error","timestamp":"2017-02-08T17:31:38.812Z"}
{"level":"info","message":"Opening pin 1 as out","timestamp":"2017-02-08T17:31:38.817Z"}
{"message":"Could not set direction to out for pin 1","stack":"Error: ENOENT: no such file or directory, open './gpio/gpio1/direction'\n    at Error (native)","errno":-2,"code":"ENOENT","syscall":"open","path":"./gpio/gpio1/direction","gpioMessage":"Could not set direction to out for pin 1","level":"error","timestamp":"2017-02-08T17:31:38.818Z"}
{"level":"info","message":"Opening pin 1 as out","timestamp":"2017-02-08T17:31:38.821Z"}
{"level":"error","message":"GPIO pin 1 does not exist","timestamp":"2017-02-08T17:31:38.821Z"}
{"level":"info","message":"Pin 1 open","timestamp":"2017-02-08T17:31:38.822Z"}
{"message":"Error closing pin 0","stack":"Error: ENOENT: no such file or directory, open '/sys/class/gpio/unexport'\n    at Error (native)","errno":-2,"code":"ENOENT","syscall":"open","path":"/sys/class/gpio/unexport","gpioMessage":"Error closing pin 0","level":"error","timestamp":"2017-02-08T17:31:38.825Z"}
